[debug] [2022-12-08T12:58:14.429Z] ----------------------------------------------------------------------
[debug] [2022-12-08T12:58:14.436Z] Command:       /usr/bin/node /usr/bin/firebase init
[debug] [2022-12-08T12:58:14.437Z] CLI Version:   11.17.0
[debug] [2022-12-08T12:58:14.438Z] Platform:      linux
[debug] [2022-12-08T12:58:14.438Z] Node Version:  v18.12.1
[debug] [2022-12-08T12:58:14.441Z] Time:          Thu Dec 08 2022 15:58:14 GMT+0300 (East Africa Time)
[debug] [2022-12-08T12:58:14.441Z] ----------------------------------------------------------------------
[debug] 
[debug] [2022-12-08T12:58:14.462Z] > command requires scopes: ["email","openid","https://www.googleapis.com/auth/cloudplatformprojects.readonly","https://www.googleapis.com/auth/firebase","https://www.googleapis.com/auth/cloud-platform"]
[debug] [2022-12-08T12:58:14.463Z] > authorizing via signed-in user (karanim594@gmail.com)
[info] 
     ######## #### ########  ######## ########     ###     ######  ########
     ##        ##  ##     ## ##       ##     ##  ##   ##  ##       ##
     ######    ##  ########  ######   ########  #########  ######  ######
     ##        ##  ##    ##  ##       ##     ## ##     ##       ## ##
     ##       #### ##     ## ######## ########  ##     ##  ######  ########

You're about to initialize a Firebase project in this directory:

  /home/moses/Documents/new_projects/REACT/purchase

[info] 
=== Project Setup
[info] 
[info] First, let's associate this project directory with a Firebase project.
[info] You can create multiple project aliases by running firebase use --add, 
[info] but for now we'll just set up a default project.
[info] 
[debug] [2022-12-08T12:58:23.991Z] >>> [apiv2][query] GET https://firebase.googleapis.com/v1beta1/projects pageSize=100
[debug] [2022-12-08T12:58:24.998Z] <<< [apiv2][status] GET https://firebase.googleapis.com/v1beta1/projects 200
[debug] [2022-12-08T12:58:25.000Z] <<< [apiv2][body] GET https://firebase.googleapis.com/v1beta1/projects [omitted]
[info] i  Using project purcha5e1 (purcha5e1) 
[info] 
=== Hosting Setup
[info] 
[info] Your public directory is the folder (relative to your project directory) that
[info] will contain Hosting assets to be uploaded with firebase deploy. If you
[info] have a build process for your assets, use your build's output directory.
[info] 
[debug] [2022-12-08T12:59:46.984Z] >>> [apiv2][query] GET https://www.gstatic.com/firebasejs/releases.json [none]
[debug] [2022-12-08T12:59:47.205Z] <<< [apiv2][status] GET https://www.gstatic.com/firebasejs/releases.json 200
[debug] [2022-12-08T12:59:47.206Z] <<< [apiv2][body] GET https://www.gstatic.com/firebasejs/releases.json {"current":{"version":"9.14.0","browserURL":"https://www.gstatic.com/firebasejs/9.14.0/firebase.js","packageURL":"https://www.gstatic.com/firebasejs/9.14.0/firebase.tgz"},"live":{"version":"9.14","browserURL":"https://www.gstatic.com/firebasejs/live/9.14/firebase.js","packageURL":"https://www.gstatic.com/firebasejs/live/9.14/firebase.tgz"},"components":{"analytics":"https://www.gstatic.com/firebasejs/9.14.0/firebase-analytics.js","app":"https://www.gstatic.com/firebasejs/9.14.0/firebase-app.js","app-check":"https://www.gstatic.com/firebasejs/9.14.0/firebase-app-check.js","auth":"https://www.gstatic.com/firebasejs/9.14.0/firebase-auth.js","auth/cordova":"https://www.gstatic.com/firebasejs/9.14.0/firebase-auth/cordova.js","auth/react-native":"https://www.gstatic.com/firebasejs/9.14.0/firebase-auth/react-native.js","functions":"https://www.gstatic.com/firebasejs/9.14.0/firebase-functions.js","firestore":"https://www.gstatic.com/firebasejs/9.14.0/firebase-firestore.js","firestore/lite":"https://www.gstatic.com/firebasejs/9.14.0/firebase-firestore/lite.js","installations":"https://www.gstatic.com/firebasejs/9.14.0/firebase-installations.js","storage":"https://www.gstatic.com/firebasejs/9.14.0/firebase-storage.js","performance":"https://www.gstatic.com/firebasejs/9.14.0/firebase-performance.js","remote-config":"https://www.gstatic.com/firebasejs/9.14.0/firebase-remote-config.js","messaging":"https://www.gstatic.com/firebasejs/9.14.0/firebase-messaging.js","messaging/sw":"https://www.gstatic.com/firebasejs/9.14.0/firebase-messaging/sw.js","database":"https://www.gstatic.com/firebasejs/9.14.0/firebase-database.js","firestore.memory":"https://www.gstatic.com/firebasejs/9.14.0/firebase-firestore.memory.js"}}
[info] ✔  Wrote public/index.html 
[info] 
[info] i  Detected a .git folder at /home/moses/Documents/new_projects/REACT/purchase 
[info] i  Authorizing with GitHub to upload your service account to a GitHub repository's secrets store. 
[info] 
[info] Visit this URL on this device to log in:
[info] https://github.com/login/oauth/authorize?client_id=89cf50f02ac6aaed3484&state=338161104&redirect_uri=http%3A%2F%2Flocalhost%3A9005&scope=read%3Auser%20repo%20public_repo
[info] 
[info] Waiting for authentication...
[debug] [2022-12-08T13:00:03.438Z] >>> [apiv2][query] POST https://github.com/login/oauth/access_token [none]
[debug] [2022-12-08T13:00:03.443Z] >>> [apiv2][body] POST https://github.com/login/oauth/access_token [stream]
[debug] [2022-12-08T13:00:04.207Z] <<< [apiv2][status] POST https://github.com/login/oauth/access_token 200
[debug] [2022-12-08T13:00:04.208Z] <<< [apiv2][body] POST https://github.com/login/oauth/access_token {"access_token":"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","token_type":"bearer","scope":"read:user,repo"}
[debug] [2022-12-08T13:00:04.233Z] >>> [apiv2][query] GET https://api.github.com/user [none]
[debug] [2022-12-08T13:00:05.223Z] <<< [apiv2][status] GET https://api.github.com/user 200
[debug] [2022-12-08T13:00:05.223Z] <<< [apiv2][body] GET https://api.github.com/user {"login":"Morces","id":97943808,"node_id":"U_kgDOBdaBAA","avatar_url":"https://avatars.githubusercontent.com/u/97943808?v=4","gravatar_id":"","url":"https://api.github.com/users/Morces","html_url":"https://github.com/Morces","followers_url":"https://api.github.com/users/Morces/followers","following_url":"https://api.github.com/users/Morces/following{/other_user}","gists_url":"https://api.github.com/users/Morces/gists{/gist_id}","starred_url":"https://api.github.com/users/Morces/starred{/owner}{/repo}","subscriptions_url":"https://api.github.com/users/Morces/subscriptions","organizations_url":"https://api.github.com/users/Morces/orgs","repos_url":"https://api.github.com/users/Morces/repos","events_url":"https://api.github.com/users/Morces/events{/privacy}","received_events_url":"https://api.github.com/users/Morces/received_events","type":"User","site_admin":false,"name":"MOSES KARANI","company":"Moringa School","blog":"","location":"Nairobi, Kenya","email":"karanim594@gmail.com","hireable":null,"bio":null,"twitter_username":"morces_c","public_repos":45,"public_gists":0,"followers":39,"following":91,"created_at":"2022-01-18T08:31:39Z","updated_at":"2022-11-30T06:52:52Z","private_gists":0,"total_private_repos":3,"owned_private_repos":3,"disk_usage":195343,"collaborators":1,"two_factor_authentication":false,"plan":{"name":"free","space":976562499,"collaborators":0,"private_repos":10000}}
[info] 
[info] ✔  Success! Logged into GitHub as Morces 
[info] 
